\BOOKMARK [0][-]{chapter.1}{Introduction}{}% 1
\BOOKMARK [1][-]{section.1.1}{Objectives}{chapter.1}% 2
\BOOKMARK [1][-]{section.1.2}{Structure of the Report}{chapter.1}% 3
\BOOKMARK [0][-]{chapter.2}{State of the Art}{}% 4
\BOOKMARK [1][-]{subsection.2.0.1}{Phase defects}{chapter.2}% 5
\BOOKMARK [2][-]{subsection.2.0.2}{Silence defects}{subsection.2.0.1}% 6
\BOOKMARK [2][-]{subsection.2.0.3}{Noise bursts defects}{subsection.2.0.1}% 7
\BOOKMARK [2][-]{subsection.2.0.4}{Humming defects}{subsection.2.0.1}% 8
\BOOKMARK [2][-]{subsection.2.0.5}{Click defects}{subsection.2.0.1}% 9
\BOOKMARK [2][-]{subsection.2.0.6}{Clipping defects}{subsection.2.0.1}% 10
\BOOKMARK [0][-]{chapter.3}{Methodology}{}% 11
\BOOKMARK [1][-]{section.3.1}{Bit depth defects detection}{chapter.3}% 12
\BOOKMARK [1][-]{section.3.2}{Bandwidth defect detection}{chapter.3}% 13
\BOOKMARK [1][-]{section.3.3}{Low SNR defect detection}{chapter.3}% 14
\BOOKMARK [0][-]{chapter.4}{Results}{}% 15
\BOOKMARK [0][-]{chapter.5}{Discussion}{}% 16
\BOOKMARK [1][-]{section.5.1}{Discussion}{chapter.5}% 17
\BOOKMARK [1][-]{section.5.2}{Conclusions}{chapter.5}% 18
\BOOKMARK [0][-]{section*.1}{List of Figures}{}% 19
\BOOKMARK [0][-]{section*.2}{List of Tables}{}% 20
\BOOKMARK [0][-]{chapter*.3}{Bibliography}{}% 21
\BOOKMARK [0][-]{chapter.1}{First Appendix}{}% 22
\BOOKMARK [0][-]{chapter.2}{Second Appendix}{}% 23
